#
# A fatal error has been detected by the Java Runtime Environment:
#
#  EXCEPTION_STACK_OVERFLOW (0xc00000fd) at pc=0x0000000066d23897, pid=6960, tid=0x0000000000002548
#
# JRE version: Java(TM) SE Runtime Environment (8.0_151-b12) (build 1.8.0_151-b12)
# Java VM: Java HotSpot(TM) 64-Bit Server VM (25.151-b12 mixed mode windows-amd64 compressed oops)
# Problematic frame:
# V  [jvm.dll+0x213897]
#
# Failed to write core dump. Minidumps are not enabled by default on client versions of Windows
#
# If you would like to submit a bug report, please visit:
#   http://bugreport.java.com/bugreport/crash.jsp
#

---------------  T H R E A D  ---------------

Current thread (0x000000001d763000):  JavaThread "http-nio-7070-exec-4" daemon [_thread_in_vm, id=9544, stack(0x0000000020b80000,0x0000000020c80000)]

siginfo: ExceptionCode=0xc00000fd, ExceptionInformation=0x0000000000000001 0x0000000020c7a210 

Registers:
RAX=0x0000000020c7a210, RBX=0x0000000000000006, RCX=0x0000000000005000, RDX=0x0000000000000006
RSP=0x0000000020c7f210, RBP=0x0000000000000000, RSI=0x0000000020c7f210, RDI=0x0000000000000006
R8 =0x0000000000000006, R9 =0x000000001d927c90, R10=0x000000001705d4c0, R11=0x0000000020b8a148
R12=0x000000001d927c90, R13=0x000000001d763000, R14=0x0000000020c7f2d8, R15=0x000000001705d4c0
RIP=0x0000000066d23897, EFLAGS=0x0000000000010202

Top of Stack: (sp=0x0000000020c7f210)
0x0000000020c7f210:   0000bb2e5b37782f 00000001000069a0
0x0000000020c7f220:   000000001d763000 000000001d927c90
0x0000000020c7f230:   00000000ffffffff 0000000066d247c7
0x0000000020c7f240:   0000000020c7f340 000000001705d4c0
0x0000000020c7f250:   000000001d763000 0000000066bd0253
0x0000000020c7f260:   0000000020c7f2a0 000000001d763000
0x0000000020c7f270:   0000000020c7f330 000000001d763000
0x0000000020c7f280:   000000001705d4c0 000000001d763000
0x0000000020c7f290:   0000000002ea3200 000000001d763000
0x0000000020c7f2a0:   000000001705d4c0 000000001d763000
0x0000000020c7f2b0:   000000001705d4c0 000000001d763000
0x0000000020c7f2c0:   0000000000000001 000000001705d4c0
0x0000000020c7f2d0:   000000001d763000 000000001d830670
0x0000000020c7f2e0:   000000001d763000 0000000066bd19bd
0x0000000020c7f2f0:   0000000020c7f5f8 00000001000069a0
0x0000000020c7f300:   000000010070f368 0000000000000000 

Instructions: (pc=0x0000000066d23897)
0x0000000066d23877:   48 89 6c 24 30 33 ed 66 90 e8 2b 3b 08 00 ff c3
0x0000000066d23887:   48 63 c8 48 8b c6 48 0f af cf 48 ff c7 48 2b c1
0x0000000066d23897:   89 28 48 63 c3 48 3b 05 35 3e 59 00 7e db 48 8b
0x0000000066d238a7:   6c 24 30 48 8b 5c 24 38 48 8b 74 24 40 48 83 c4 


Register to memory mapping:

RAX=0x0000000020c7a210 is pointing into the stack for thread: 0x000000001d763000
RBX=0x0000000000000006 is an unknown value
RCX=0x0000000000005000 is an unknown value
RDX=0x0000000000000006 is an unknown value
RSP=0x0000000020c7f210 is pointing into the stack for thread: 0x000000001d763000
RBP=0x0000000000000000 is an unknown value
RSI=0x0000000020c7f210 is pointing into the stack for thread: 0x000000001d763000
RDI=0x0000000000000006 is an unknown value
R8 =0x0000000000000006 is an unknown value
R9 =0x000000001d927c90 is an unknown value
R10={method} {0x000000001705d4c8} 'run' '()V' in 'java/lang/Thread'
R11=0x0000000020b8a148 is pointing into the stack for thread: 0x000000001d763000
R12=0x000000001d927c90 is an unknown value
R13=0x000000001d763000 is a thread
R14=0x0000000020c7f2d8 is pointing into the stack for thread: 0x000000001d763000
R15={method} {0x000000001705d4c8} 'run' '()V' in 'java/lang/Thread'


Stack: [0x0000000020b80000,0x0000000020c80000],  sp=0x0000000020c7f210,  free space=1020k
Native frames: (J=compiled Java code, j=interpreted, Vv=VM code, C=native code)


---------------  P R O C E S S  ---------------

Java Threads: ( => current thread )
  0x000000001d75d000 JavaThread "http-nio-7070-exec-9" daemon [_thread_in_vm, id=15344, stack(0x0000000021180000,0x0000000021280000)]
  0x000000001d762000 JavaThread "http-nio-7070-exec-8" daemon [_thread_in_vm, id=2264, stack(0x0000000021080000,0x0000000021180000)]
  0x000000001d761800 JavaThread "http-nio-7070-exec-7" daemon [_thread_in_vm, id=16000, stack(0x0000000020e80000,0x0000000020f80000)]
  0x000000001d760800 JavaThread "http-nio-7070-exec-6" daemon [_thread_in_vm, id=14124, stack(0x0000000020d80000,0x0000000020e80000)]
  0x000000001d760000 JavaThread "http-nio-7070-exec-5" daemon [_thread_blocked, id=7220, stack(0x0000000020c80000,0x0000000020d80000)]
=>0x000000001d763000 JavaThread "http-nio-7070-exec-4" daemon [_thread_in_vm, id=9544, stack(0x0000000020b80000,0x0000000020c80000)]
  0x000000001d75f000 JavaThread "http-nio-7070-exec-3" daemon [_thread_blocked, id=11176, stack(0x0000000020a80000,0x0000000020b80000)]
  0x000000001d75e800 JavaThread "http-nio-7070-exec-2" daemon [_thread_blocked, id=4904, stack(0x0000000020980000,0x0000000020a80000)]
  0x000000001d763800 JavaThread "http-nio-7070-exec-1" daemon [_thread_blocked, id=10732, stack(0x0000000020880000,0x0000000020980000)]
  0x000000001d757800 JavaThread "NioBlockingSelector.BlockPoller-1" daemon [_thread_in_native, id=12116, stack(0x0000000020780000,0x0000000020880000)]
  0x000000001d758800 JavaThread "task-scheduler-1" [_thread_blocked, id=11500, stack(0x0000000020280000,0x0000000020380000)]
  0x000000001d75d800 JavaThread "kafka-producer-network-thread | producer-1" daemon [_thread_in_native, id=14536, stack(0x0000000020180000,0x0000000020280000)]
  0x000000001d756000 JavaThread "main-EventThread" daemon [_thread_blocked, id=17400, stack(0x000000001ff80000,0x0000000020080000)]
  0x000000001d755800 JavaThread "main-SendThread(192.168.119.131:2181)" daemon [_thread_in_native, id=17384, stack(0x000000001fe80000,0x000000001ff80000)]
  0x000000001d757000 JavaThread "ZkClient-EventThread-39-192.168.119.131:2181" daemon [_thread_blocked, id=8380, stack(0x000000001fd80000,0x000000001fe80000)]
  0x000000001d75c000 JavaThread "DiscoveryClient-InstanceInfoReplicator-0" daemon [_thread_blocked, id=3900, stack(0x000000001f380000,0x000000001f480000)]
  0x000000001d759000 JavaThread "DiscoveryClient-1" daemon [_thread_blocked, id=228, stack(0x000000001f280000,0x000000001f380000)]
  0x000000001d75a800 JavaThread "DiscoveryClient-0" daemon [_thread_blocked, id=15244, stack(0x000000001f180000,0x000000001f280000)]
  0x000000001d75a000 JavaThread "AsyncResolver-bootstrap-0" daemon [_thread_blocked, id=7224, stack(0x000000001f080000,0x000000001f180000)]
  0x000000001d75b800 JavaThread "Eureka-JerseyClient-Conn-Cleaner2" daemon [_thread_blocked, id=6972, stack(0x000000001ef80000,0x000000001f080000)]
  0x000000001acb6000 JavaThread "Eureka-JerseyClient-Conn-Cleaner2" daemon [_thread_blocked, id=6988, stack(0x000000001ee80000,0x000000001ef80000)]
  0x000000001acbb800 JavaThread "Keep-Alive-Timer" daemon [_thread_blocked, id=16104, stack(0x000000001ed80000,0x000000001ee80000)]
  0x000000001acb9000 JavaThread "RxIoScheduler-1 (Evictor)" daemon [_thread_blocked, id=11636, stack(0x000000001e980000,0x000000001ea80000)]
  0x000000001acb5800 JavaThread "container-0" [_thread_blocked, id=7960, stack(0x000000001e880000,0x000000001e980000)]
  0x000000001acb7000 JavaThread "ContainerBackgroundProcessor[StandardEngine[Tomcat]]" daemon [_thread_blocked, id=7204, stack(0x000000001e780000,0x000000001e880000)]
  0x000000001acb7800 JavaThread "SimpleHostRoutingFilter.connectionManagerTimer" daemon [_thread_blocked, id=2972, stack(0x000000001e680000,0x000000001e780000)]
  0x000000001acb8800 JavaThread "localhost-startStop-1" daemon [_thread_blocked, id=14020, stack(0x000000001d3b0000,0x000000001d4b0000)]
  0x000000001acba800 JavaThread "Tomcat-startStop-1" daemon [_thread_blocked, id=14412, stack(0x000000001d2b0000,0x000000001d3b0000)]
  0x000000001adae800 JavaThread "spring.cloud.inetutils" daemon [_thread_blocked, id=11504, stack(0x000000001bbb0000,0x000000001bcb0000)]
  0x00000000196c0000 JavaThread "Service Thread" daemon [_thread_blocked, id=7688, stack(0x0000000019f30000,0x000000001a030000)]
  0x0000000019677000 JavaThread "C1 CompilerThread2" daemon [_thread_blocked, id=3256, stack(0x0000000019e30000,0x0000000019f30000)]
  0x000000001961f000 JavaThread "C2 CompilerThread1" daemon [_thread_blocked, id=2280, stack(0x0000000019d30000,0x0000000019e30000)]
  0x000000001961e000 JavaThread "C2 CompilerThread0" daemon [_thread_blocked, id=11100, stack(0x0000000019c30000,0x0000000019d30000)]
  0x0000000019616800 JavaThread "Monitor Ctrl-Break" daemon [_thread_in_native, id=8140, stack(0x0000000019b30000,0x0000000019c30000)]
  0x00000000179fa800 JavaThread "Attach Listener" daemon [_thread_blocked, id=6656, stack(0x0000000019230000,0x0000000019330000)]
  0x00000000179e7800 JavaThread "Signal Dispatcher" daemon [_thread_blocked, id=2916, stack(0x0000000019130000,0x0000000019230000)]
  0x00000000179bf800 JavaThread "Finalizer" daemon [_thread_blocked, id=5512, stack(0x0000000018c30000,0x0000000018d30000)]
  0x0000000017999000 JavaThread "Reference Handler" daemon [_thread_blocked, id=4788, stack(0x0000000018b30000,0x0000000018c30000)]
  0x0000000002c99000 JavaThread "main" [_thread_blocked, id=17284, stack(0x0000000002b90000,0x0000000002c90000)]

Other Threads:
  0x0000000017998000 VMThread [stack: 0x0000000018a30000,0x0000000018b30000] [id=10356]
  0x00000000196cb000 WatcherThread [stack: 0x000000001a030000,0x000000001a130000] [id=16596]

VM state:synchronizing (normal execution)

VM Mutex/Monitor currently owned by a thread:  ([mutex/lock_event])
[0x0000000002c90fd0] Threads_lock - owner thread: 0x0000000017998000
[0x0000000002c93760] Compile_lock - owner thread: 0x0000000002c99000

Heap:
 PSYoungGen      total 142848K, used 87635K [0x00000000d5e00000, 0x00000000df300000, 0x0000000100000000)
  eden space 133120K, 65% used [0x00000000d5e00000,0x00000000db394e80,0x00000000de000000)
  from space 9728K, 0% used [0x00000000de000000,0x00000000de000000,0x00000000de980000)
  to   space 9728K, 0% used [0x00000000de980000,0x00000000de980000,0x00000000df300000)
 ParOldGen       total 58880K, used 46583K [0x0000000081a00000, 0x0000000085380000, 0x00000000d5e00000)
  object space 58880K, 79% used [0x0000000081a00000,0x000000008477df20,0x0000000085380000)
 Metaspace       used 51592K, capacity 52396K, committed 52568K, reserved 1095680K
  class space    used 7068K, capacity 7250K, committed 7296K, reserved 1048576K

Card table byte_map: [0x0000000012250000,0x0000000012650000] byte_map_base: 0x0000000011e43000

Marking Bits: (ParMarkBitMap*) 0x000000006732d850
 Begin Bits: [0x0000000012d00000, 0x0000000014c98000)
 End Bits:   [0x0000000014c98000, 0x0000000016c30000)

Polling page: 0x00000000007f0000

CodeCache: size=245760Kb used=12085Kb max_used=12085Kb free=233674Kb
 bounds [0x0000000002e90000, 0x0000000003a60000, 0x0000000011e90000]
 total_blobs=6536 nmethods=5992 adapters=455
 compilation: enabled

Compilation events (10 events):
Event: 19.042 Thread 0x0000000019677000 6082   !   1       com.sun.jmx.mbeanserver.Repository::addMBean (347 bytes)
Event: 19.044 Thread 0x0000000019677000 nmethod 6082 0x0000000003a5a250 code [0x0000000003a5a680, 0x0000000003a5bb98]
Event: 19.044 Thread 0x0000000019677000 6083       1       com.sun.jmx.mbeanserver.Repository::addMoiToTb (25 bytes)
Event: 19.044 Thread 0x0000000019677000 nmethod 6083 0x0000000003a5da50 code [0x0000000003a5dbe0, 0x0000000003a5df08]
Event: 19.044 Thread 0x0000000019677000 6084   !   1       com.sun.jmx.mbeanserver.Repository::registering (28 bytes)
Event: 19.044 Thread 0x0000000019677000 nmethod 6084 0x0000000003a5e190 code [0x0000000003a5e300, 0x0000000003a5e548]
Event: 19.044 Thread 0x0000000019677000 6085       1       com.sun.jmx.mbeanserver.JmxMBeanServer::registerMBean (16 bytes)
Event: 19.045 Thread 0x0000000019677000 nmethod 6085 0x0000000003a5e6d0 code [0x0000000003a5e880, 0x0000000003a5eba8]
Event: 19.045 Thread 0x0000000019677000 6086       1       org.apache.tomcat.util.modeler.ManagedBean::getType (5 bytes)
Event: 19.045 Thread 0x0000000019677000 nmethod 6086 0x0000000003a5ee90 code [0x0000000003a5efe0, 0x0000000003a5f0f0]

GC Heap History (10 events):
Event: 15.542 GC heap before
{Heap before GC invocations=37 (full 3):
 PSYoungGen      total 142848K, used 142828K [0x00000000d5e00000, 0x00000000df300000, 0x0000000100000000)
  eden space 133120K, 100% used [0x00000000d5e00000,0x00000000de000000,0x00000000de000000)
  from space 9728K, 99% used [0x00000000de000000,0x00000000de97b0e0,0x00000000de980000)
  to   space 9728K, 0% used [0x00000000de980000,0x00000000de980000,0x00000000df300000)
 ParOldGen       total 58880K, used 45543K [0x0000000081a00000, 0x0000000085380000, 0x00000000d5e00000)
  object space 58880K, 77% used [0x0000000081a00000,0x0000000084679da8,0x0000000085380000)
 Metaspace       used 44191K, capacity 44852K, committed 45272K, reserved 1089536K
  class space    used 5864K, capacity 6018K, committed 6144K, reserved 1048576K
Event: 15.548 GC heap after
Heap after GC invocations=37 (full 3):
 PSYoungGen      total 142848K, used 9696K [0x00000000d5e00000, 0x00000000df300000, 0x0000000100000000)
  eden space 133120K, 0% used [0x00000000d5e00000,0x00000000d5e00000,0x00000000de000000)
  from space 9728K, 99% used [0x00000000de980000,0x00000000df2f82e0,0x00000000df300000)
  to   space 9728K, 0% used [0x00000000de000000,0x00000000de000000,0x00000000de980000)
 ParOldGen       total 58880K, used 46843K [0x0000000081a00000, 0x0000000085380000, 0x00000000d5e00000)
  object space 58880K, 79% used [0x0000000081a00000,0x00000000847bedb8,0x0000000085380000)
 Metaspace       used 44191K, capacity 44852K, committed 45272K, reserved 1089536K
  class space    used 5864K, capacity 6018K, committed 6144K, reserved 1048576K
}
Event: 15.879 GC heap before
{Heap before GC invocations=38 (full 3):
 PSYoungGen      total 142848K, used 142816K [0x00000000d5e00000, 0x00000000df300000, 0x0000000100000000)
  eden space 133120K, 100% used [0x00000000d5e00000,0x00000000de000000,0x00000000de000000)
  from space 9728K, 99% used [0x00000000de980000,0x00000000df2f82e0,0x00000000df300000)
  to   space 9728K, 0% used [0x00000000de000000,0x00000000de000000,0x00000000de980000)
 ParOldGen       total 58880K, used 46843K [0x0000000081a00000, 0x0000000085380000, 0x00000000d5e00000)
  object space 58880K, 79% used [0x0000000081a00000,0x00000000847bedb8,0x0000000085380000)
 Metaspace       used 44605K, capacity 45300K, committed 45528K, reserved 1089536K
  class space    used 5917K, capacity 6082K, committed 6144K, reserved 1048576K
Event: 15.887 GC heap after
Heap after GC invocations=38 (full 3):
 PSYoungGen      total 142848K, used 7040K [0x00000000d5e00000, 0x00000000df300000, 0x0000000100000000)
  eden space 133120K, 0% used [0x00000000d5e00000,0x00000000d5e00000,0x00000000de000000)
  from space 9728K, 72% used [0x00000000de000000,0x00000000de6e0000,0x00000000de980000)
  to   space 9728K, 0% used [0x00000000de980000,0x00000000de980000,0x00000000df300000)
 ParOldGen       total 58880K, used 49079K [0x0000000081a00000, 0x0000000085380000, 0x00000000d5e00000)
  object space 58880K, 83% used [0x0000000081a00000,0x00000000849ede18,0x0000000085380000)
 Metaspace       used 44605K, capacity 45300K, committed 45528K, reserved 1089536K
  class space    used 5917K, capacity 6082K, committed 6144K, reserved 1048576K
}
Event: 17.667 GC heap before
{Heap before GC invocations=39 (full 3):
 PSYoungGen      total 142848K, used 140160K [0x00000000d5e00000, 0x00000000df300000, 0x0000000100000000)
  eden space 133120K, 100% used [0x00000000d5e00000,0x00000000de000000,0x00000000de000000)
  from space 9728K, 72% used [0x00000000de000000,0x00000000de6e0000,0x00000000de980000)
  to   space 9728K, 0% used [0x00000000de980000,0x00000000de980000,0x00000000df300000)
 ParOldGen       total 58880K, used 49079K [0x0000000081a00000, 0x0000000085380000, 0x00000000d5e00000)
  object space 58880K, 83% used [0x0000000081a00000,0x00000000849ede18,0x0000000085380000)
 Metaspace       used 45016K, capacity 45788K, committed 45912K, reserved 1089536K
  class space    used 5977K, capacity 6158K, committed 6272K, reserved 1048576K
Event: 17.673 GC heap after
Heap after GC invocations=39 (full 3):
 PSYoungGen      total 142848K, used 5947K [0x00000000d5e00000, 0x00000000df300000, 0x0000000100000000)
  eden space 133120K, 0% used [0x00000000d5e00000,0x00000000d5e00000,0x00000000de000000)
  from space 9728K, 61% used [0x00000000de980000,0x00000000def4ee88,0x00000000df300000)
  to   space 9728K, 0% used [0x00000000de000000,0x00000000de000000,0x00000000de980000)
 ParOldGen       total 58880K, used 49087K [0x0000000081a00000, 0x0000000085380000, 0x00000000d5e00000)
  object space 58880K, 83% used [0x0000000081a00000,0x00000000849efe18,0x0000000085380000)
 Metaspace       used 45016K, capacity 45788K, committed 45912K, reserved 1089536K
  class space    used 5977K, capacity 6158K, committed 6272K, reserved 1048576K
}
Event: 18.272 GC heap before
{Heap before GC invocations=40 (full 3):
 PSYoungGen      total 142848K, used 139067K [0x00000000d5e00000, 0x00000000df300000, 0x0000000100000000)
  eden space 133120K, 100% used [0x00000000d5e00000,0x00000000de000000,0x00000000de000000)
  from space 9728K, 61% used [0x00000000de980000,0x00000000def4ee88,0x00000000df300000)
  to   space 9728K, 0% used [0x00000000de000000,0x00000000de000000,0x00000000de980000)
 ParOldGen       total 58880K, used 49087K [0x0000000081a00000, 0x0000000085380000, 0x00000000d5e00000)
  object space 58880K, 83% used [0x0000000081a00000,0x00000000849efe18,0x0000000085380000)
 Metaspace       used 47628K, capacity 48454K, committed 48472K, reserved 1091584K
  class space    used 6335K, capacity 6513K, committed 6528K, reserved 1048576K
Event: 18.285 GC heap after
Heap after GC invocations=40 (full 3):
 PSYoungGen      total 142848K, used 9722K [0x00000000d5e00000, 0x00000000df300000, 0x0000000100000000)
  eden space 133120K, 0% used [0x00000000d5e00000,0x00000000d5e00000,0x00000000de000000)
  from space 9728K, 99% used [0x00000000de000000,0x00000000de97ebf8,0x00000000de980000)
  to   space 9728K, 0% used [0x00000000de980000,0x00000000de980000,0x00000000df300000)
 ParOldGen       total 58880K, used 55508K [0x0000000081a00000, 0x0000000085380000, 0x00000000d5e00000)
  object space 58880K, 94% used [0x0000000081a00000,0x0000000085035278,0x0000000085380000)
 Metaspace       used 47628K, capacity 48454K, committed 48472K, reserved 1091584K
  class space    used 6335K, capacity 6513K, committed 6528K, reserved 1048576K
}
Event: 18.285 GC heap before
{Heap before GC invocations=41 (full 4):
 PSYoungGen      total 142848K, used 9722K [0x00000000d5e00000, 0x00000000df300000, 0x0000000100000000)
  eden space 133120K, 0% used [0x00000000d5e00000,0x00000000d5e00000,0x00000000de000000)
  from space 9728K, 99% used [0x00000000de000000,0x00000000de97ebf8,0x00000000de980000)
  to   space 9728K, 0% used [0x00000000de980000,0x00000000de980000,0x00000000df300000)
 ParOldGen       total 58880K, used 55508K [0x0000000081a00000, 0x0000000085380000, 0x00000000d5e00000)
  object space 58880K, 94% used [0x0000000081a00000,0x0000000085035278,0x0000000085380000)
 Metaspace       used 47628K, capacity 48454K, committed 48472K, reserved 1091584K
  class space    used 6335K, capacity 6513K, committed 6528K, reserved 1048576K
Event: 18.441 GC heap after
Heap after GC invocations=41 (full 4):
 PSYoungGen      total 142848K, used 0K [0x00000000d5e00000, 0x00000000df300000, 0x0000000100000000)
  eden space 133120K, 0% used [0x00000000d5e00000,0x00000000d5e00000,0x00000000de000000)
  from space 9728K, 0% used [0x00000000de000000,0x00000000de000000,0x00000000de980000)
  to   space 9728K, 0% used [0x00000000de980000,0x00000000de980000,0x00000000df300000)
 ParOldGen       total 58880K, used 46583K [0x0000000081a00000, 0x0000000085380000, 0x00000000d5e00000)
  object space 58880K, 79% used [0x0000000081a00000,0x000000008477df20,0x0000000085380000)
 Metaspace       used 47628K, capacity 48454K, committed 48472K, reserved 1091584K
  class space    used 6335K, capacity 6513K, committed 6528K, reserved 1048576K
}

Deoptimization events (0 events):
No events

Internal exceptions (10 events):
Event: 18.954 Thread 0x0000000002c99000 Exception <a 'java/lang/ClassNotFoundException': org/springframework/boot/actuate/endpoint/jmx/EndpointMBeanCustomizer> (0x00000000da60a920) thrown at [C:\re\workspace\8-2-build-windows-amd64-cygwin\jdk8u151\9699\hotspot\src\share\vm\classfile\systemDicti
Event: 18.955 Thread 0x0000000002c99000 Exception <a 'java/lang/ClassNotFoundException': org/springframework/boot/actuate/endpoint/jmx/JmxEndpointCustomizer> (0x00000000da642d58) thrown at [C:\re\workspace\8-2-build-windows-amd64-cygwin\jdk8u151\9699\hotspot\src\share\vm\classfile\systemDiction
Event: 18.957 Thread 0x000000001d75c000 Exception <a 'java/lang/ArrayIndexOutOfBoundsException'> (0x00000000da7a9560) thrown at [C:\re\workspace\8-2-build-windows-amd64-cygwin\jdk8u151\9699\hotspot\src\share\vm\runtime\sharedRuntime.cpp, line 605]
Event: 18.972 Thread 0x0000000002c99000 Exception <a 'java/lang/ClassNotFoundException': java/lang/ObjectCustomizer> (0x00000000da8923f0) thrown at [C:\re\workspace\8-2-build-windows-amd64-cygwin\jdk8u151\9699\hotspot\src\share\vm\classfile\systemDictionary.cpp, line 210]
Event: 18.976 Thread 0x0000000002c99000 Exception <a 'java/lang/ClassNotFoundException': org/springframework/boot/actuate/endpoint/jmx/EndpointMBeanCustomizer> (0x00000000da8c3018) thrown at [C:\re\workspace\8-2-build-windows-amd64-cygwin\jdk8u151\9699\hotspot\src\share\vm\classfile\systemDicti
Event: 18.977 Thread 0x0000000002c99000 Exception <a 'java/lang/ClassNotFoundException': org/springframework/boot/actuate/endpoint/jmx/LoggersEndpointMBeanCustomizer> (0x00000000da8fad10) thrown at [C:\re\workspace\8-2-build-windows-amd64-cygwin\jdk8u151\9699\hotspot\src\share\vm\classfile\syst
Event: 18.977 Thread 0x0000000002c99000 Exception <a 'java/lang/ClassNotFoundException': org/springframework/boot/actuate/endpoint/jmx/JmxEndpointCustomizer> (0x00000000da937bd8) thrown at [C:\re\workspace\8-2-build-windows-amd64-cygwin\jdk8u151\9699\hotspot\src\share\vm\classfile\systemDiction
Event: 19.003 Thread 0x000000001d758800 Exception <a 'java/lang/OutOfMemoryError': unable to create new native thread> (0x00000000dadb6698) thrown at [C:\re\workspace\8-2-build-windows-amd64-cygwin\jdk8u151\9699\hotspot\src\share\vm\prims\jvm.cpp, line 3033]
Event: 19.009 Thread 0x0000000002c99000 Exception <a 'java/lang/OutOfMemoryError': unable to create new native thread> (0x00000000daea5190) thrown at [C:\re\workspace\8-2-build-windows-amd64-cygwin\jdk8u151\9699\hotspot\src\share\vm\prims\jvm.cpp, line 3033]
Event: 19.056 Thread 0x0000000002c99000 Exception <a 'java/lang/OutOfMemoryError': unable to create new native thread> (0x00000000db2bf330) thrown at [C:\re\workspace\8-2-build-windows-amd64-cygwin\jdk8u151\9699\hotspot\src\share\vm\prims\jvm.cpp, line 3033]

Events (10 events):
Event: 19.055 Thread 0x000000001d762000 Thread added: 0x000000001d762000
Event: 19.055 Thread 0x000000001d75d000 Thread added: 0x000000001d75d000
Event: 19.056 loading class org/springframework/boot/context/embedded/tomcat/ConnectorStartFailedException
Event: 19.056 loading class org/springframework/boot/context/embedded/tomcat/ConnectorStartFailedException done
Event: 19.057 loading class org/springframework/boot/context/embedded/EmbeddedServletContainerException
Event: 19.057 loading class org/springframework/boot/context/embedded/EmbeddedServletContainerException done
Event: 19.058 loading class org/springframework/boot/ExitCodeGenerators
Event: 19.058 loading class org/springframework/boot/ExitCodeGenerators done
Event: 19.060 loading class org/springframework/boot/ExitCodeExceptionMapper
Event: 19.060 loading class org/springframework/boot/ExitCodeExceptionMapper done


Dynamic libraries:
0x00007ff781f30000 - 0x00007ff781f67000 	E:\work\jdk\Java\jdk1.8.0_151\bin\java.exe
0x00007ffbc8720000 - 0x00007ffbc8901000 	C:\WINDOWS\SYSTEM32\ntdll.dll
0x00007ffbc6530000 - 0x00007ffbc65e2000 	C:\WINDOWS\System32\KERNEL32.DLL
0x00007ffbc4f30000 - 0x00007ffbc51a3000 	C:\WINDOWS\System32\KERNELBASE.dll
0x00007ffbc6420000 - 0x00007ffbc64c1000 	C:\WINDOWS\System32\ADVAPI32.dll
0x00007ffbc69e0000 - 0x00007ffbc6a7e000 	C:\WINDOWS\System32\msvcrt.dll
0x00007ffbc6980000 - 0x00007ffbc69db000 	C:\WINDOWS\System32\sechost.dll
0x00007ffbc6850000 - 0x00007ffbc6974000 	C:\WINDOWS\System32\RPCRT4.dll
0x00007ffbc6a80000 - 0x00007ffbc6c10000 	C:\WINDOWS\System32\USER32.dll
0x00007ffbc4af0000 - 0x00007ffbc4b10000 	C:\WINDOWS\System32\win32u.dll
0x00007ffbc67c0000 - 0x00007ffbc67e8000 	C:\WINDOWS\System32\GDI32.dll
0x00007ffbc51b0000 - 0x00007ffbc5342000 	C:\WINDOWS\System32\gdi32full.dll
0x00007ffbc5b10000 - 0x00007ffbc5baf000 	C:\WINDOWS\System32\msvcp_win.dll
0x00007ffbc4db0000 - 0x00007ffbc4eaa000 	C:\WINDOWS\System32\ucrtbase.dll
0x00007ffbb7320000 - 0x00007ffbb7589000 	C:\WINDOWS\WinSxS\amd64_microsoft.windows.common-controls_6595b64144ccf1df_6.0.17134.523_none_fb409dd930672a56\COMCTL32.dll
0x00007ffbc83c0000 - 0x00007ffbc86e2000 	C:\WINDOWS\System32\combase.dll
0x00007ffbc4eb0000 - 0x00007ffbc4f2a000 	C:\WINDOWS\System32\bcryptPrimitives.dll
0x00007ffbc63e0000 - 0x00007ffbc640d000 	C:\WINDOWS\System32\IMM32.DLL
0x0000000068330000 - 0x0000000068402000 	E:\work\jdk\Java\jdk1.8.0_151\jre\bin\msvcr100.dll
0x0000000066b10000 - 0x00000000673ad000 	E:\work\jdk\Java\jdk1.8.0_151\jre\bin\server\jvm.dll
0x00007ffbc63b0000 - 0x00007ffbc63b8000 	C:\WINDOWS\System32\PSAPI.DLL
0x00007ffbbe700000 - 0x00007ffbbe70a000 	C:\WINDOWS\SYSTEM32\VERSION.dll
0x00007ffbc2480000 - 0x00007ffbc24a3000 	C:\WINDOWS\SYSTEM32\WINMM.dll
0x00007ffbc0790000 - 0x00007ffbc0799000 	C:\WINDOWS\SYSTEM32\WSOCK32.dll
0x00007ffbc65f0000 - 0x00007ffbc665c000 	C:\WINDOWS\System32\WS2_32.dll
0x00007ffbc22b0000 - 0x00007ffbc22da000 	C:\WINDOWS\SYSTEM32\WINMMBASE.dll
0x00007ffbc5ac0000 - 0x00007ffbc5b09000 	C:\WINDOWS\System32\cfgmgr32.dll
0x0000000068320000 - 0x000000006832f000 	E:\work\jdk\Java\jdk1.8.0_151\jre\bin\verify.dll
0x0000000066ae0000 - 0x0000000066b09000 	E:\work\jdk\Java\jdk1.8.0_151\jre\bin\java.dll
0x0000000066ab0000 - 0x0000000066ad3000 	E:\work\jdk\Java\jdk1.8.0_151\jre\bin\instrument.dll
0x0000000068300000 - 0x0000000068316000 	E:\work\jdk\Java\jdk1.8.0_151\jre\bin\zip.dll
0x00007ffbc6c10000 - 0x00007ffbc8050000 	C:\WINDOWS\System32\SHELL32.dll
0x00007ffbc5bb0000 - 0x00007ffbc5c59000 	C:\WINDOWS\System32\shcore.dll
0x00007ffbc53b0000 - 0x00007ffbc5abd000 	C:\WINDOWS\System32\windows.storage.dll
0x00007ffbc64d0000 - 0x00007ffbc6521000 	C:\WINDOWS\System32\shlwapi.dll
0x00007ffbc4a60000 - 0x00007ffbc4a71000 	C:\WINDOWS\System32\kernel.appcore.dll
0x00007ffbc4ad0000 - 0x00007ffbc4aef000 	C:\WINDOWS\System32\profapi.dll
0x00007ffbc4a80000 - 0x00007ffbc4acc000 	C:\WINDOWS\System32\powrprof.dll
0x00007ffbc4a30000 - 0x00007ffbc4a3a000 	C:\WINDOWS\System32\FLTLIB.DLL
0x00007ffbbf8d0000 - 0x00007ffbbf8ea000 	E:\work\idea\IntelliJ IDEA 2017.1.5\bin\breakgen64.dll
0x00000000669a0000 - 0x00000000669ba000 	E:\work\jdk\Java\jdk1.8.0_151\jre\bin\net.dll
0x00007ffbc42b0000 - 0x00007ffbc4316000 	C:\WINDOWS\system32\mswsock.dll
0x00007ffbc4030000 - 0x00007ffbc4068000 	C:\WINDOWS\SYSTEM32\IPHLPAPI.DLL
0x00007ffbc5cc0000 - 0x00007ffbc5cc8000 	C:\WINDOWS\System32\NSI.dll
0x00007ffbbb4d0000 - 0x00007ffbbb4e6000 	C:\WINDOWS\SYSTEM32\dhcpcsvc6.DLL
0x00007ffbbb490000 - 0x00007ffbbb4aa000 	C:\WINDOWS\SYSTEM32\dhcpcsvc.DLL
0x00007ffbc4070000 - 0x00007ffbc412e000 	C:\WINDOWS\SYSTEM32\DNSAPI.dll
0x00007ffbb8c90000 - 0x00007ffbb8c9a000 	C:\Windows\System32\rasadhlp.dll
0x00007ffbb92c0000 - 0x00007ffbb9332000 	C:\WINDOWS\System32\fwpuclnt.dll
0x00007ffbc4590000 - 0x00007ffbc45b5000 	C:\WINDOWS\SYSTEM32\bcrypt.dll
0x0000000066aa0000 - 0x0000000066aad000 	E:\work\jdk\Java\jdk1.8.0_151\jre\bin\management.dll
0x00007ffbade60000 - 0x00007ffbade76000 	C:\WINDOWS\system32\napinsp.dll
0x00007ffbade40000 - 0x00007ffbade5a000 	C:\WINDOWS\system32\pnrpnsp.dll
0x00007ffbbb930000 - 0x00007ffbbb949000 	C:\WINDOWS\system32\NLAapi.dll
0x00007ffbade30000 - 0x00007ffbade3e000 	C:\WINDOWS\System32\winrnr.dll
0x00007ffbade10000 - 0x00007ffbade25000 	C:\WINDOWS\System32\wshbth.dll
0x0000000066980000 - 0x0000000066991000 	E:\work\jdk\Java\jdk1.8.0_151\jre\bin\nio.dll
0x0000000066950000 - 0x0000000066974000 	E:\work\jdk\Java\jdk1.8.0_151\jre\bin\sunec.dll
0x00007ffbc4460000 - 0x00007ffbc4477000 	C:\WINDOWS\SYSTEM32\CRYPTSP.dll
0x00007ffbc3e90000 - 0x00007ffbc3ec3000 	C:\WINDOWS\system32\rsaenh.dll
0x00007ffbc4930000 - 0x00007ffbc4958000 	C:\WINDOWS\SYSTEM32\USERENV.dll
0x00007ffbc4480000 - 0x00007ffbc448b000 	C:\WINDOWS\SYSTEM32\CRYPTBASE.dll

VM Arguments:
jvm_args: -XX:TieredStopAtLevel=1 -Xverify:none -Dspring.output.ansi.enabled=always -javaagent:E:\work\idea\IntelliJ IDEA 2017.1.5\lib\idea_rt.jar=59207:E:\work\idea\IntelliJ IDEA 2017.1.5\bin -Dfile.encoding=UTF-8 
java_command: com.wangyi.springcloudzuuldemo.SpringCloudZuulDemoApplication
java_class_path (initial): E:\work\jdk\Java\jdk1.8.0_151\jre\lib\charsets.jar;E:\work\jdk\Java\jdk1.8.0_151\jre\lib\deploy.jar;E:\work\jdk\Java\jdk1.8.0_151\jre\lib\ext\access-bridge-64.jar;E:\work\jdk\Java\jdk1.8.0_151\jre\lib\ext\cldrdata.jar;E:\work\jdk\Java\jdk1.8.0_151\jre\lib\ext\dnsns.jar;E:\work\jdk\Java\jdk1.8.0_151\jre\lib\ext\jaccess.jar;E:\work\jdk\Java\jdk1.8.0_151\jre\lib\ext\jfxrt.jar;E:\work\jdk\Java\jdk1.8.0_151\jre\lib\ext\localedata.jar;E:\work\jdk\Java\jdk1.8.0_151\jre\lib\ext\nashorn.jar;E:\work\jdk\Java\jdk1.8.0_151\jre\lib\ext\sunec.jar;E:\work\jdk\Java\jdk1.8.0_151\jre\lib\ext\sunjce_provider.jar;E:\work\jdk\Java\jdk1.8.0_151\jre\lib\ext\sunmscapi.jar;E:\work\jdk\Java\jdk1.8.0_151\jre\lib\ext\sunpkcs11.jar;E:\work\jdk\Java\jdk1.8.0_151\jre\lib\ext\zipfs.jar;E:\work\jdk\Java\jdk1.8.0_151\jre\lib\javaws.jar;E:\work\jdk\Java\jdk1.8.0_151\jre\lib\jce.jar;E:\work\jdk\Java\jdk1.8.0_151\jre\lib\jfr.jar;E:\work\jdk\Java\jdk1.8.0_151\jre\lib\jfxswt.jar;E:\work\jdk\Java\jdk1.8.0_151\jre\lib\jsse.jar;E:\work\jdk\Java\jdk1.8.0_151\jre\lib\management-agent.jar;E:\work\jdk\Java\jdk1.8.0_151\jre\lib\plugin.jar;E:\work\jdk\Java\jdk1.8.0_151\jre\lib\resources.jar;E:\work\jdk\Java\jdk1.8.0_151\jre\lib\rt.jar;E:\gupao\study\microservices\spring-cloud-zuul-demo\target\classes;E:\work\maven\repository\org\springframework\boot\spring-boot-starter-actuator\1.5.8.RELEASE\spring-boot-starter-actuator-1.5.8.RELEASE.jar;E:\work\maven\repository\org\springframework\boot\spring-boot-starter\1.5.8.RELEASE\spring-boot-starter-1.5.8.RELEASE.jar;E:\work\maven\repository\org\springframework\boot\spring-boot\1.5.8.RELEASE\spring-boot-1.5.8.RELEASE.jar;E:\work\maven\repository\org\springframework\boot\spring-boot-autoconfigure\1.5.8.RELEASE\spring-boot-autoconfigure-1.5.8.RELEASE.jar;E:\work\maven\repository\org\springframework\boot\spring-boot-starter-logging\1.5.8.RELEASE\spring-boot-starter-logging-1.5.8.RELEASE.jar;E:\work\maven\repository\ch\qos\logback\logback-classic\1
Launcher Type: SUN_STANDARD

Environment Variables:
JAVA_HOME=E:\work\jdk\Java\jdk1.8.0_151
CLASSPATH=.;E:\work\jdk\Java\jdk1.8.0_151\lib\dt.jar;E:\work\jdk\Java\jdk1.8.0_151\lib\tools.jar
PATH=E:\work\oracle\database\product\11.2.0\dbhome_1\bin;C:\ProgramData\Oracle\Java\javapath;C:\Program Files (x86)\Intel\iCLS Client\;C:\Program Files\Intel\iCLS Client\;C:\Windows\system32;C:\Windows;C:\Windows\System32\Wbem;C:\Windows\System32\WindowsPowerShell\v1.0\;C:\Program Files (x86)\Intel\Intel(R) Management Engine Components\DAL;C:\Program Files\Intel\Intel(R) Management Engine Components\DAL;C:\Program Files (x86)\Intel\Intel(R) Management Engine Components\IPT;C:\Program Files\Intel\Intel(R) Management Engine Components\IPT;C:\Program Files (x86)\NVIDIA Corporation\PhysX\Common;E:\work\mysql\mysql-5.7.21-winx64\bin;E:\work\svn\bin;E:\work\git\install\Git\cmd;C:\Program Files\TortoiseGit\bin;C:\WINDOWS\system32;C:\WINDOWS;C:\WINDOWS\System32\Wbem;C:\WINDOWS\System32\WindowsPowerShell\v1.0\;C:\WINDOWS\System32\OpenSSH\;E:\work\spring-boot-cli\spring-2.0.0.RELEASE\bin;C:\Users\huangboying\AppData\Local\Microsoft\WindowsApps;E:\work\maven\apache-maven-3.3.9\bin;"E:\work\jdk\Java\jdk1.8.0_151\bin;E:\work\jdk\Java\jdk1.8.0_151\jre\bin";
USERNAME=huangboying
OS=Windows_NT
PROCESSOR_IDENTIFIER=Intel64 Family 6 Model 158 Stepping 9, GenuineIntel



---------------  S Y S T E M  ---------------

OS: Windows 10.0 , 64 bit Build 17134 (10.0.17134.1)

CPU:total 4 (initial active 4) (4 cores per cpu, 1 threads per core) family 6 model 158 stepping 9, cmov, cx8, fxsr, mmx, sse, sse2, sse3, ssse3, sse4.1, sse4.2, popcnt, avx, avx2, aes, clmul, erms, 3dnowpref, lzcnt, tsc, tscinvbit, bmi1, bmi2, adx

Memory: 4k page, physical 8278180k(3374704k free), swap 16142496k(52k free)

vm_info: Java HotSpot(TM) 64-Bit Server VM (25.151-b12) for windows-amd64 JRE (1.8.0_151-b12), built on Sep  5 2017 19:33:46 by "java_re" with MS VC++ 10.0 (VS2010)

time: Sun Feb 03 01:28:09 2019
elapsed time: 19 seconds (0d 0h 0m 19s)

